<project xmlns="http://maven.apache.org/POM/4.0.0" xmlns:xsi="http://www.w3.org/2001/XMLSchema-instance"
	xsi:schemaLocation="http://maven.apache.org/POM/4.0.0 http://maven.apache.org/xsd/maven-4.0.0.xsd">
	<modelVersion>4.0.0</modelVersion>
	<groupId>org.hubotek</groupId>
	<artifactId>hubotek-solr-bridge</artifactId>
	<version>0.0.1-SNAPSHOT</version>
	<dependencies>
		<!-- https://mvnrepository.com/artifact/org.apache.solr/solr-solrj -->
		<dependency>
			<groupId>org.apache.solr</groupId>
			<artifactId>solr-solrj</artifactId>
		</dependency>
		<dependency>
			<groupId>javax</groupId>
			<artifactId>javaee-api</artifactId>
		</dependency>
		<dependency>
			<groupId>junit</groupId>
			<artifactId>junit</artifactId>
			<scope>test</scope>
		</dependency>
		<dependency>
			<groupId>org.jboss.spec</groupId>
			<artifactId>jboss-javaee-all-7.0</artifactId>
			<scope>test</scope>
		</dependency>
		<dependency>
			<groupId>org.wildfly.arquillian</groupId>
			<artifactId>wildfly-arquillian-container-managed</artifactId>
			<scope>test</scope>
		</dependency>
		<dependency>
			<groupId>org.jboss.arquillian.junit</groupId>
			<artifactId>arquillian-junit-container</artifactId>
			<scope>test</scope>
		</dependency>
		<dependency>
			<groupId>org.jboss.shrinkwrap.resolver</groupId>
			<artifactId>shrinkwrap-resolver-impl-maven</artifactId>
			<scope>test</scope>
		</dependency>
		<dependency>
			<groupId>org.slf4j</groupId>
			<artifactId>slf4j-simple</artifactId>
			<scope>test</scope>
		</dependency>
		<dependency>
			<groupId>org.slf4j</groupId>
			<artifactId>slf4j-log4j12</artifactId>
			<scope>compile</scope>
		</dependency>
	</dependencies>
	<dependencyManagement>
		<dependencies>
			<!-- https://mvnrepository.com/artifact/org.apache.solr/solr-solrj -->
			<dependency>
				<groupId>org.apache.solr</groupId>
				<artifactId>solr-solrj</artifactId>
				<version>6.5.0</version>
				<scope>compile</scope>
			</dependency>
			<dependency>
				<groupId>javax</groupId>
				<artifactId>javaee-api</artifactId>
				<version>7.0</version>
				<scope>compile</scope>
			</dependency>
			<dependency>
				<groupId>junit</groupId>
				<artifactId>junit</artifactId>
				<version>4.12</version>
				<scope>test</scope>
			</dependency>
			<dependency>
				<groupId>org.jboss.spec</groupId>
				<artifactId>jboss-javaee-all-7.0</artifactId>
				<version>1.0.3.Final</version>
				<scope>test</scope>
			</dependency>
			<dependency>
				<groupId>org.wildfly.arquillian</groupId>
				<artifactId>wildfly-arquillian-container-managed</artifactId>
				<version>1.1.0.Final</version>
				<scope>test</scope>
			</dependency>
			<dependency>
				<groupId>org.jboss.arquillian.junit</groupId>
				<artifactId>arquillian-junit-container</artifactId>
				<version>1.1.0.Final</version>
				<scope>test</scope>
			</dependency>
			<dependency>
				<groupId>org.jboss.shrinkwrap.resolver</groupId>
				<artifactId>shrinkwrap-resolver-impl-maven</artifactId>
				<scope>test</scope>
				<version>2.2.6</version>
			</dependency>
			<dependency>
				<groupId>org.slf4j</groupId>
				<artifactId>slf4j-simple</artifactId>
				<version>1.7.21</version>
				<scope>test</scope>
			</dependency>
			<dependency>
				<groupId>org.slf4j</groupId>
				<artifactId>slf4j-log4j12</artifactId>
				<version>1.6.1</version>
				<scope>compile</scope>
			</dependency>
		</dependencies>
	</dependencyManagement>
	<build>
		<plugins>
			<plugin>
				<groupId>org.apache.maven.plugins</groupId>
				<artifactId>maven-compiler-plugin</artifactId>
				<version>3.1</version>
				<configuration>
					<source>1.8</source>
					<target>1.8</target>
				</configuration>
			</plugin>
			<plugin>
				<groupId>org.wildfly.plugins</groupId>
				<artifactId>wildfly-maven-plugin</artifactId>
				<version>1.1.0.Alpha11</version>
				<executions>
					<execution>
						<phase>install</phase>
						<goals>
							<goal>deploy</goal>
						</goals>
					</execution>
				</executions>
			</plugin>
		</plugins>
	</build>
</project>